[2024-05-10T10:03:01.993+0000] {local_task_job_runner.py:120} INFO - ::group::Pre task execution logs
[2024-05-10T10:03:02.045+0000] {taskinstance.py:2076} INFO - Dependencies all met for dep_context=non-requeueable deps ti=<TaskInstance: top-links.load_to_drive manual__2024-05-10T10:02:22.496624+00:00 [queued]>
[2024-05-10T10:03:02.071+0000] {taskinstance.py:2076} INFO - Dependencies all met for dep_context=requeueable deps ti=<TaskInstance: top-links.load_to_drive manual__2024-05-10T10:02:22.496624+00:00 [queued]>
[2024-05-10T10:03:02.072+0000] {taskinstance.py:2306} INFO - Starting attempt 1 of 1
[2024-05-10T10:03:02.127+0000] {taskinstance.py:2330} INFO - Executing <Task(PythonOperator): load_to_drive> on 2024-05-10 10:02:22.496624+00:00
[2024-05-10T10:03:02.149+0000] {standard_task_runner.py:90} INFO - Running: ['airflow', 'tasks', 'run', 'top-links', 'load_to_drive', 'manual__2024-05-10T10:02:22.496624+00:00', '--job-id', '5', '--raw', '--subdir', 'DAGS_FOLDER/main.py', '--cfg-path', '/tmp/tmpvlwuq9id']
[2024-05-10T10:03:02.152+0000] {standard_task_runner.py:91} INFO - Job 5: Subtask load_to_drive
[2024-05-10T10:03:02.154+0000] {logging_mixin.py:188} WARNING - /home/airflow/.local/lib/python3.12/site-packages/airflow/task/task_runner/standard_task_runner.py:61 DeprecationWarning: This process (pid=104) is multi-threaded, use of fork() may lead to deadlocks in the child.
[2024-05-10T10:03:02.155+0000] {standard_task_runner.py:63} INFO - Started process 113 to run task
[2024-05-10T10:03:02.262+0000] {task_command.py:426} INFO - Running <TaskInstance: top-links.load_to_drive manual__2024-05-10T10:02:22.496624+00:00 [running]> on host bb1ba7aa1432
[2024-05-10T10:03:02.435+0000] {taskinstance.py:2648} INFO - Exporting env vars: AIRFLOW_CTX_DAG_OWNER='airflow-demo' AIRFLOW_CTX_DAG_ID='top-links' AIRFLOW_CTX_TASK_ID='load_to_drive' AIRFLOW_CTX_EXECUTION_DATE='2024-05-10T10:02:22.496624+00:00' AIRFLOW_CTX_TRY_NUMBER='1' AIRFLOW_CTX_DAG_RUN_ID='manual__2024-05-10T10:02:22.496624+00:00'
[2024-05-10T10:03:02.437+0000] {taskinstance.py:430} INFO - ::endgroup::
[2024-05-10T10:03:02.855+0000] {main.py:56} INFO - Loading data
[2024-05-10T10:03:02.886+0000] {main.py:58} INFO - Length of DataFrame: 527
[2024-05-10T10:03:02.888+0000] {main.py:60} INFO - CSV created
[2024-05-10T10:03:03.279+0000] {main.py:66} INFO - Git initialized
[2024-05-10T10:03:08.345+0000] {main.py:76} INFO - DVC initialized
[2024-05-10T10:03:08.346+0000] {main.py:83} INFO - Adding Google Drive as remote storage...
[2024-05-10T10:03:11.642+0000] {main.py:86} INFO - Google Drive added as remote storage
[2024-05-10T10:03:11.643+0000] {main.py:90} INFO - Adding CSV file to DVC...
[2024-05-10T10:03:16.038+0000] {main.py:93} INFO - CSV file added to DVC
[2024-05-10T10:03:16.039+0000] {main.py:98} INFO - Pushing data to Google Drive using DVC...
