[2024-05-10T10:02:37.872+0000] {local_task_job_runner.py:120} INFO - ::group::Pre task execution logs
[2024-05-10T10:02:37.970+0000] {taskinstance.py:2076} INFO - Dependencies all met for dep_context=non-requeueable deps ti=<TaskInstance: top-links.extract_links manual__2024-05-10T10:02:22.496624+00:00 [queued]>
[2024-05-10T10:02:38.006+0000] {taskinstance.py:2076} INFO - Dependencies all met for dep_context=requeueable deps ti=<TaskInstance: top-links.extract_links manual__2024-05-10T10:02:22.496624+00:00 [queued]>
[2024-05-10T10:02:38.007+0000] {taskinstance.py:2306} INFO - Starting attempt 1 of 1
[2024-05-10T10:02:38.126+0000] {taskinstance.py:2330} INFO - Executing <Task(PythonOperator): extract_links> on 2024-05-10 10:02:22.496624+00:00
[2024-05-10T10:02:38.169+0000] {standard_task_runner.py:90} INFO - Running: ['airflow', 'tasks', 'run', 'top-links', 'extract_links', 'manual__2024-05-10T10:02:22.496624+00:00', '--job-id', '3', '--raw', '--subdir', 'DAGS_FOLDER/main.py', '--cfg-path', '/tmp/tmplzubn_v5']
[2024-05-10T10:02:38.176+0000] {standard_task_runner.py:91} INFO - Job 3: Subtask extract_links
[2024-05-10T10:02:38.179+0000] {logging_mixin.py:188} WARNING - /home/airflow/.local/lib/python3.12/site-packages/airflow/task/task_runner/standard_task_runner.py:61 DeprecationWarning: This process (pid=75) is multi-threaded, use of fork() may lead to deadlocks in the child.
[2024-05-10T10:02:38.180+0000] {standard_task_runner.py:63} INFO - Started process 84 to run task
[2024-05-10T10:02:38.425+0000] {task_command.py:426} INFO - Running <TaskInstance: top-links.extract_links manual__2024-05-10T10:02:22.496624+00:00 [running]> on host bb1ba7aa1432
[2024-05-10T10:02:38.790+0000] {taskinstance.py:2648} INFO - Exporting env vars: AIRFLOW_CTX_DAG_OWNER='airflow-demo' AIRFLOW_CTX_DAG_ID='top-links' AIRFLOW_CTX_TASK_ID='extract_links' AIRFLOW_CTX_EXECUTION_DATE='2024-05-10T10:02:22.496624+00:00' AIRFLOW_CTX_TRY_NUMBER='1' AIRFLOW_CTX_DAG_RUN_ID='manual__2024-05-10T10:02:22.496624+00:00'
[2024-05-10T10:02:38.792+0000] {taskinstance.py:430} INFO - ::endgroup::
[2024-05-10T10:02:38.898+0000] {main.py:21} INFO - Extracting from https://www.dawn.com/
[2024-05-10T10:02:46.510+0000] {main.py:35} INFO - Extracted 323 links from https://www.dawn.com/
[2024-05-10T10:02:46.511+0000] {main.py:21} INFO - Extracting from https://www.bbc.com/
[2024-05-10T10:02:47.590+0000] {main.py:35} INFO - Extracted 527 links from https://www.bbc.com/
[2024-05-10T10:02:47.664+0000] {python.py:237} INFO - Done. Returned value was: None
[2024-05-10T10:02:47.665+0000] {taskinstance.py:441} INFO - ::group::Post task execution logs
[2024-05-10T10:02:47.677+0000] {taskinstance.py:1206} INFO - Marking task as SUCCESS. dag_id=top-links, task_id=extract_links, run_id=manual__2024-05-10T10:02:22.496624+00:00, execution_date=20240510T100222, start_date=20240510T100237, end_date=20240510T100247
[2024-05-10T10:02:47.742+0000] {local_task_job_runner.py:240} INFO - Task exited with return code 0
[2024-05-10T10:02:47.792+0000] {taskinstance.py:3498} INFO - 1 downstream tasks scheduled from follow-on schedule check
[2024-05-10T10:02:47.804+0000] {local_task_job_runner.py:222} INFO - ::endgroup::
