[2024-05-10T10:01:47.107+0000] {processor.py:161} INFO - Started process (PID=71) to work on /opt/airflow/dags/main.py
[2024-05-10T10:01:47.109+0000] {processor.py:830} INFO - Processing file /opt/airflow/dags/main.py for tasks to queue
[2024-05-10T10:01:47.149+0000] {logging_mixin.py:188} INFO - [2024-05-10T10:01:47.136+0000] {dagbag.py:545} INFO - Filling up the DagBag from /opt/airflow/dags/main.py
[2024-05-10T10:01:47.200+0000] {logging_mixin.py:188} WARNING - /opt/airflow/dags/main.py:82 SyntaxWarning: invalid escape sequence '\d'
[2024-05-10T10:01:49.822+0000] {processor.py:840} INFO - DAG(s) 'top-links' retrieved from /opt/airflow/dags/main.py
[2024-05-10T10:01:50.046+0000] {logging_mixin.py:188} INFO - [2024-05-10T10:01:50.044+0000] {override.py:1829} INFO - Created Permission View: can read on DAG:top-links
[2024-05-10T10:01:50.104+0000] {logging_mixin.py:188} INFO - [2024-05-10T10:01:50.103+0000] {override.py:1829} INFO - Created Permission View: can delete on DAG:top-links
[2024-05-10T10:01:50.132+0000] {logging_mixin.py:188} INFO - [2024-05-10T10:01:50.132+0000] {override.py:1829} INFO - Created Permission View: can edit on DAG:top-links
[2024-05-10T10:01:50.133+0000] {logging_mixin.py:188} INFO - [2024-05-10T10:01:50.133+0000] {dag.py:3096} INFO - Sync 1 DAGs
[2024-05-10T10:01:50.147+0000] {logging_mixin.py:188} INFO - [2024-05-10T10:01:50.147+0000] {dag.py:3118} INFO - Creating ORM DAG for top-links
[2024-05-10T10:01:50.162+0000] {logging_mixin.py:188} INFO - [2024-05-10T10:01:50.162+0000] {dag.py:3954} INFO - Setting next_dagrun for top-links to 2024-05-10 00:00:00+00:00, run_after=2024-05-11 00:00:00+00:00
[2024-05-10T10:01:50.274+0000] {processor.py:183} INFO - Processing /opt/airflow/dags/main.py took 3.217 seconds
[2024-05-10T10:02:20.754+0000] {processor.py:161} INFO - Started process (PID=73) to work on /opt/airflow/dags/main.py
[2024-05-10T10:02:20.756+0000] {processor.py:830} INFO - Processing file /opt/airflow/dags/main.py for tasks to queue
[2024-05-10T10:02:20.759+0000] {logging_mixin.py:188} INFO - [2024-05-10T10:02:20.758+0000] {dagbag.py:545} INFO - Filling up the DagBag from /opt/airflow/dags/main.py
[2024-05-10T10:02:21.160+0000] {processor.py:840} INFO - DAG(s) 'top-links' retrieved from /opt/airflow/dags/main.py
[2024-05-10T10:02:21.371+0000] {logging_mixin.py:188} INFO - [2024-05-10T10:02:21.371+0000] {dag.py:3096} INFO - Sync 1 DAGs
[2024-05-10T10:02:21.411+0000] {logging_mixin.py:188} INFO - [2024-05-10T10:02:21.411+0000] {dag.py:3954} INFO - Setting next_dagrun for top-links to 2024-05-10 00:00:00+00:00, run_after=2024-05-11 00:00:00+00:00
[2024-05-10T10:02:21.482+0000] {processor.py:183} INFO - Processing /opt/airflow/dags/main.py took 0.747 seconds
[2024-05-10T10:02:55.086+0000] {processor.py:161} INFO - Started process (PID=102) to work on /opt/airflow/dags/main.py
[2024-05-10T10:02:55.090+0000] {processor.py:830} INFO - Processing file /opt/airflow/dags/main.py for tasks to queue
[2024-05-10T10:02:55.098+0000] {logging_mixin.py:188} INFO - [2024-05-10T10:02:55.096+0000] {dagbag.py:545} INFO - Filling up the DagBag from /opt/airflow/dags/main.py
[2024-05-10T10:02:55.946+0000] {processor.py:840} INFO - DAG(s) 'top-links' retrieved from /opt/airflow/dags/main.py
[2024-05-10T10:02:57.014+0000] {logging_mixin.py:188} INFO - [2024-05-10T10:02:57.013+0000] {dag.py:3096} INFO - Sync 1 DAGs
[2024-05-10T10:02:57.042+0000] {logging_mixin.py:188} INFO - [2024-05-10T10:02:57.042+0000] {dag.py:3954} INFO - Setting next_dagrun for top-links to 2024-05-10 00:00:00+00:00, run_after=2024-05-11 00:00:00+00:00
[2024-05-10T10:02:57.117+0000] {processor.py:183} INFO - Processing /opt/airflow/dags/main.py took 2.047 seconds
