[2024-05-10T09:56:46.075+0000] {manager.py:470} INFO - Processing files using up to 1 processes at a time 
[2024-05-10T09:56:46.077+0000] {manager.py:471} INFO - Process each file at most once every 30 seconds
[2024-05-10T09:56:46.079+0000] {manager.py:472} INFO - Checking for new files in /opt/airflow/dags every 300 seconds
[2024-05-10T09:56:46.080+0000] {manager.py:737} INFO - Searching for files in /opt/airflow/dags
[2024-05-10T09:56:46.083+0000] {manager.py:740} INFO - There are 0 files in /opt/airflow/dags
[2024-05-10T10:01:46.562+0000] {manager.py:737} INFO - Searching for files in /opt/airflow/dags
[2024-05-10T10:01:46.654+0000] {manager.py:740} INFO - There are 1 files in /opt/airflow/dags
[2024-05-10T10:01:50.327+0000] {manager.py:878} INFO - 
================================================================================
DAG File Processing Stats

File Path                  PID    Runtime      # DAGs    # Errors  Last Runtime    Last Run
-------------------------  -----  ---------  --------  ----------  --------------  -------------------
/opt/airflow/dags/main.py                           1           0  3.34s           2024-05-10T10:01:50
================================================================================
[2024-05-10T10:02:21.539+0000] {manager.py:878} INFO - 
================================================================================
DAG File Processing Stats

File Path                  PID    Runtime      # DAGs    # Errors  Last Runtime    Last Run
-------------------------  -----  ---------  --------  ----------  --------------  -------------------
/opt/airflow/dags/main.py                           1           0  0.84s           2024-05-10T10:02:21
================================================================================
[2024-05-10T10:02:57.149+0000] {manager.py:878} INFO - 
================================================================================
DAG File Processing Stats

File Path                  PID    Runtime      # DAGs    # Errors  Last Runtime    Last Run
-------------------------  -----  ---------  --------  ----------  --------------  -------------------
/opt/airflow/dags/main.py                           1           0  2.15s           2024-05-10T10:02:57
================================================================================
